Vec Object: 1 MPI processes
  type: mpi
Process [0]
0
0
0
0
0
0
0
0
0
0
0
0
0
0
0
0
0
0
0
0
0
0
0
0
-18543
-1
24499.8
-9615.38
-1
-14423.1
9615.38
-1
-14423.1
18543
-1
24499.8
0
0
0
0
0
0
0
0
0
0
0
0
0
0
0
0
0
0
0
0
0
0
0
0
0
0
0
0
0
0
0
0
0
0
0
0
0
0
0
0
0
0
0
0
0
0
0
0
0
0
0
0
0
0
0
0
0
0
0
0
0
0
0
0
0
0
0
0
0
0
0
0
0
0
0
0
0
0
0
0
0
0
0
0
0
0
0
0
0
0
0
0
0
0
0
0
0
0
0
0
0
0
0
0
0
0
0
0
0
0
0
0
0
0
0
0
0
0
0
0
0
0
0
0
0
0
0
0
0
0
0
0
0
0
0
0
0
0
0
0
0
0
0
0
0
0
0
0
0
0
0
0
0
0
0
0
0
0
0
0
0
0
0
0
0
0
0
0
0
0
0
0
0
0
0
0
0
0
0
0
0
0
0
0
0
0
0
0
0
0
0
0
0
0
0
0
0
0
0
0
0
0
0
0
0
0
0
0
0
0
0
0
0
0
0
0
0
0
0
0
0
0
0
0
0
0
0
0
0
0
0
0
0
0
0
0
0
0
0
0
0
0
0
0
0
0
0
0
0
0
0
0
0
0
0
0
0
0
0
0
0
0
0
0
0
0
0
0
0
0
0
0
0
-8927.63
-28725.3
4346.38
-19230.8
-1
-5.45697e-12
-34433.5
-1
-6766.64
-28695.6
-1
1088.31
-28910
-1
387.52
-28864
-1
76.1411
-28919.1
-1
250.376
-29111.4
-1
261.785
-29594.5
-1
-325.842
-32544.2
-1
-3870.36
-22928.8
-47145.3
-13348
0
0
0
0
0
0
0
0
0
2.27374e-11
-1
48999.5
2.27374e-11
-1
48999.5
2.45564e-11
-1
48999.5
2.45564e-11
-1
48999.5
2.09184e-11
-1
48999.5
2.27374e-11
-1
48999.5
2.09184e-11
-1
48999.5
2.27374e-11
-1
48999.5
2.36469e-11
-1
48999.5
1.59162e-11
-1
-28846.2
1.54614e-11
-1
-28846.2
1.50067e-11
-1
-28846.2
1.45519e-11
-1
-28846.2
1.68257e-11
-1
-28846.2
1.40972e-11
-1
-28846.2
1.40972e-11
-1
-28846.2
1.22782e-11
-1
-28846.2
1.36424e-11
-1
-28846.2
0
0
0
0
0
0
0
0
0
22928.8
-47145.3
-13348
32544.2
-1
-3870.36
29594.5
-1
-325.842
29111.4
-1
261.785
28919.1
-1
250.376
28864
-1
76.1411
28910
-1
387.52
28695.6
-1
1088.31
34433.5
-1
-6766.64
19230.8
-1
-4.54747e-13
8927.63
-28725.3
4346.38
0
0
0
0
0
0
0
0
0
0
0
0
0
0
0
0
0
0
0
0
0
0
0
0
0
0
0
0
0
0
0
0
0
0
0
0
0
0
0
0
0
0
0
0
0
0
0
0
0
0
0
0
0
0
0
0
0
0
0
0
0
0
0
0
0
0
0
0
0
0
0
0
0
0
0
0
0
0
0
0
0
0
0
0
0
0
0
0
0
0
0
0
0
0
0
0
0
0
0
0
0
0
0
0
0
0
0
0
0
0
0
0
0
0
0
0
0
0
0
0
0
0
0
0
0
0
0
0
0
0
0
0
0
0
0
0
0
0
0
0
0
0
0
0
0
0
0
0
0
0
0
0
0
0
0
0
0
0
0
0
0
0
0
0
0
0
0
0
0
0
0
0
0
0
0
0
0
0
0
0
0
0
0
0
0
0
0
0
0
0
0
0
0
0
0
0
0
0
0
0
0
0
0
0
0
0
0
0
0
0
0
0
0
0
0
0
0
0
0
0
0
0
0
0
0
0
0
0
0
0
0
0
0
0
0
0
0
0
0
0
0
0
0
0
0
0
0
0
0
0
0
0
0
0
0
0
0
0
0
0
0
0
0
0
0
0
0
0
0
0
0
0
0
0
0
0
0
0
0
0
0
0
0
0
0
0
0
0
0
0
0
0
0
0
0
0
0
0
0
0
0
0
0
0
0
0
0
0
0
0
0
0
0
0
0
0
0
0
0
0
0
0
0
0
0
0
0
0
0
0
0
0
0
0
0
0
0
0
0
0
0
0
0
0
0
0
0
0
0
0
0
0
0
0
0
0
0
0
0
0
0
0
0
0
0
0
0
0
0
0
0
0
0
0
0
0
0
0
0
0
0
0
0
0
0
0
0
0
0
0
0
0
0
0
0
0
0
0
0
0
0
0
0
0
0
0
0
0
0
0
0
0
0
0
0
0
0
0
0
0
0
0
0
0
0
0
0
0
0
0
0
0
0
0
0
0
0
0
0
0
0
0
0
0
0
0
0
0
0
0
0
0
0
0
0
0
0
0
0
0
0
0
0
0
0
0
0
0
0
0
0
0
0
0
0
0
0
0
0
0
0
0
0
0
0
0
0
0
0
0
0
0
0
0
0
0
0
0
0
0
0
0
0
0
0
0
0
0
0
0
0
0
0
0
0
0
0
0
0
0
0
0
0
0
0
0
0
0
0
0
0
0
0
0
0
0
0
0
0
0
0
0
0
0
0
0
0
0
0
0
0
0
0
0
0
0
0
0
0
0
0
0
0
0
0
0
0
0
0
0
0
0
0
0
0
0
0
0
0
0
0
0
0
0
0
0
0
0
0
0
0
0
0
0
0
0
0
0
0
0
0
0
0
0
0
0
0
0
0
0
0
0
0
0
0
0
0
0
0
0
0
0
0
0
0
0
0
0
0
0
0
0
0
0
0
0
0
0
0
0
0
0
0
0
0
0
0
0
0
0
0
0
0
0
0
0
0
0
0
0
0
0
0
0
0
0
0
0
0
0
0
0
0
0
0
0
0
0
0
0
0
0
0
0
0
0
0
0
0
0
0
0
0
0
0
0
0
0
0
0
0
0
0
0
0
0
0
0
0
0
0
0
0
0
0
0
0
0
0
0
0
0
0
0
0
0
0
0
0
0
0
0
0
0
0
0
0
0
0
0
0
0
0
0
0
0
0
0
0
0
0
0
0
0
0
0
0
0
0
0
0
0
0
0
0
0
0
0
0
0
0
0
0
0
0
0
0
0
0
0
0
0
0
0
0
0
0
0
0
0
0
0
0
0
0
0
0
0
0
0
0
0
0
0
0
0
0
0
0
0
0
0
0
0
0
0
0
0
0
0
0
0
0
0
0
0
0
0
0
0
0
0
0
0
0
0
0
0
0
0
0
0
0
0
0
0
0
0
0
0
0
0
0
0
0
0
0
0
0
0
0
0
0
0
0
0
0
0
0
0
0
0
0
0
0
0
0
0
0
0
0
0
0
0
0
0
0
0
0
0
0
0
0
0
0
0
0
0
0
0
0
0
0
0
0
0
0
0
0
0
0
0
0
0
0
0
0
0
0
0
0
0
0
0
0
0
0
0
0
0
0
0
0
0
0
0
0
0
0
0
0
0
0
0
0
0
0
0
0
0
0
0
0
0
0
0
0
-33292.6
-96235.5
2935.09
-29859.8
-83863.1
61.2096
-29184.4
-80254.1
-260.6
-28937
-78424.9
-164.685
-28927.8
-78109.4
-233.012
-28759.5
-76210
-734.934
-27265.4
-67377.2
-1115.14
0
0
0
0
0
0
0
0
0
-35175.9
-114704
-3831.97
0
0
0
0
0
0
0
0
0
0
0
0
0
0
0
0
0
0
0
0
0
0
0
0
0
0
0
0
0
0
0
0
0
0
0
0
0
0
0
0
0
0
0
0
0
0
0
0
0
0
0
0
0
0
0
0
0
0
0
0
0
0
0
-15202.7
-45815.5
11167.7
0
0
0
0
0
0
0
0
0
0
0
0
0
0
0
0
0
0
0
0
0
0
0
0
0
0
0
0
0
0
33292.6
-96235.5
2935.09
29859.8
-83863.1
61.2096
29184.4
-80254.1
-260.6
28937
-78424.9
-164.685
28927.8
-78109.4
-233.012
28759.5
-76210
-734.934
27265.4
-67377.2
-1115.14
0
0
0
0
0
0
0
0
0
35175.9
-114704
-3831.97
0
0
0
0
0
0
0
0
0
0
0
0
0
0
0
0
0
0
0
0
0
0
0
0
0
0
0
0
0
0
0
0
0
0
0
0
0
0
0
0
0
0
0
0
0
0
0
0
0
0
0
0
0
0
0
0
0
0
0
0
0
0
0
15202.7
-45815.5
11167.7
-3.42197e-11
-1
-7740.71
-1.84173e-11
-1
-651.685
-6.82121e-12
-1
523.57
1.02318e-11
-1
500.752
1.00044e-11
-1
152.282
8.07177e-12
-1
775.039
-6.36646e-12
-1
2176.62
-5.72982e-11
-1
-13533.3
6.86668e-11
-1
-1.36424e-12
-3.25144e-11
-1
-7740.71
-2.22826e-11
-1
-651.685
-3.18323e-12
-1
523.57
1.62572e-11
-1
500.752
1.18234e-11
-1
152.282
1.08002e-11
-1
775.039
4.3201e-12
-1
2176.62
-4.72937e-11
-1
-13533.3
6.63931e-11
-1
-4.09273e-12
-3.31966e-11
-1
-7740.71
-1.02887e-11
-1
-651.685
-2.38742e-12
-1
523.57
9.77707e-12
-1
500.752
1.53477e-11
-1
152.282
1.06866e-11
-1
775.039
-4.3201e-12
-1
2176.62
-4.54747e-11
-1
-13533.3
6.91216e-11
-1
5.91172e-12
-2.7967e-11
-1
-7740.71
-2.00089e-11
-1
-651.685
-8.41283e-12
-1
523.57
1.72804e-11
-1
500.752
1.4893e-11
-1
152.282
1.06866e-11
-1
775.039
4.54747e-12
-1
2176.62
-5.09317e-11
-1
-13533.3
7.00311e-11
-1
8.6402e-12
-3.26281e-11
-1
-7740.71
-1.63709e-11
-1
-651.685
-1.36424e-12
-1
523.57
1.40972e-11
-1
500.752
1.15961e-11
-1
152.282
1.19371e-11
-1
775.039
-6.82121e-12
-1
2176.62
-4.63842e-11
-1
-13533.3
6.95763e-11
-1
1.81899e-12
-2.93312e-11
-1
-7740.71
-1.69393e-11
-1
-651.685
-1.20508e-11
-1
523.57
1.68257e-11
-1
500.752
1.61435e-11
-1
152.282
6.36646e-12
-1
775.039
2.95586e-12
-1
2176.62
-5.36602e-11
-1
-13533.3
6.54836e-11
-1
-7.27596e-12
-4.41105e-11
-1
-7740.71
-1.54046e-11
-1
-651.685
-2.27374e-13
-1
523.57
1.93268e-11
-1
500.752
1.11413e-11
-1
152.282
3.18323e-12
-1
775.039
-6.82121e-12
-1
2176.62
-5.18412e-11
-1
-13533.3
6.50289e-11
-1
-1.36424e-11
-2.77396e-11
-1
-7740.71
-2.05205e-11
-1
-651.685
-1.11413e-11
-1
523.57
6.59384e-12
-1
500.752
8.98126e-12
-1
152.282
5.68434e-12
-1
775.039
3.06954e-12
-1
2176.62
-5.00222e-11
-1
-13533.3
6.82121e-11
-1
-9.09495e-12
-3.0127e-11
-1
-7740.71
-1.46656e-11
-1
-651.685
3.41061e-13
-1
523.57
1.77351e-11
-1
500.752
1.29603e-11
-1
152.282
8.41283e-12
-1
775.039
-5.00222e-12
-1
2176.62
-4.95675e-11
-1
-13533.3
7.18501e-11
-1
-1.81899e-12
0
0
0
0
0
0
0
0
0
-1.45519e-11
-94290.6
-26696
0
0
0
0
0
0
0
0
0
-1.27329e-11
-94290.6
-26696
0
0
0
0
0
0
0
0
0
-1.45519e-11
-94290.6
-26696
0
0
0
0
0
0
0
0
0
-3.63798e-12
-94290.6
-26696
0
0
0
0
0
0
0
0
0
-1.81899e-11
-94290.6
-26696
0
0
0
0
0
0
0
0
0
-1.09139e-11
-94290.6
-26696
0
0
0
0
0
0
0
0
0
-2.36469e-11
-94290.6
-26696
0
0
0
0
0
0
0
0
0
-9.09495e-12
-94290.6
-26696
0
0
0
0
0
0
0
0
0
-1.45519e-11
-94290.6
-26696
-3.91083e-11
-57450.6
8692.77
0
0
0
0
0
0
0
0
0
-3.45608e-11
-57450.6
8692.77
0
0
0
0
0
0
0
0
0
-3.54703e-11
-57450.6
8692.77
0
0
0
0
0
0
0
0
0
-3.63798e-11
-57450.6
8692.77
0
0
0
0
0
0
0
0
0
-3.91083e-11
-57450.6
8692.77
0
0
0
0
0
0
0
0
0
-3.63798e-11
-57450.6
8692.77
0
0
0
0
0
0
0
0
0
-3.45608e-11
-57450.6
8692.77
0
0
0
0
0
0
0
0
0
-3.63798e-11
-57450.6
8692.77
0
0
0
0
0
0
0
0
0
-3.70619e-11
-57450.6
8692.77
0
0
0
0
0
0
0
0
0
0
0
0
0
0
0
0
0
0
0
0
0
0
0
0
0
0
0
0
0
0
0
0
0
0
0
0
0
0
0
0
0
0
0
0
0
0
0
0
0
0
0
0
0
0
0
0
0
0
0
0
0
0
0
0
0
0
0
0
0
0
0
0
0
0
0
0
0
0
0
0
0
0
0
0
0
0
0
0
0
0
0
0
0
0
0
0
0
0
0
0
0
0
0
0
0
0
0
0
0
0
0
0
0
0
0
0
0
0
0
0
0
0
0
0
0
0
0
0
0
0
0
0
0
0
0
0
0
0
0
0
0
0
0
0
0
0
0
0
0
0
0
0
0
0
0
0
0
0
0
0
0
0
0
0
0
0
0
0
0
0
0
0
0
0
0
0
0
0
0
0
0
0
0
0
0
0
0
0
0
0
0
0
0
0
0
0
0
0
0
0
0
0
0
0
0
0
0
0
0
0
0
0
0
0
0
0
0
0
0
0
0
0
0
0
0
0
0
0
0
0
0
0
0
0
0
0
0
0
0
0
0
0
0
0
0
0
0
0
0
0
0
0
0
0
0
0
0
0
0
0
0
0
0
0
0
0
0
0
0
0
0
0
0
0
0
0
0
0
0
0
0
0
0
0
0
0
0
0
0
0
0
0
0
0
0
0
0
0
0
0
0
0
0
0
0
0
0
0
0
0
0
0
0
0
0
0
0
0
0
0
0
0
0
0
0
0
0
0
0
0
0
0
0
0
0
0
0
0
0
0
0
0
0
0
0
0
0
0
0
0
0
0
0
0
0
0
0
0
0
0
0
0
0
0
0
0
0
0
0
0
0
0
0
0
0
0
0
0
0
0
0
0
0
0
0
0
0
0
0
0
0
0
0
0
0
0
0
0
0
0
0
0
0
0
0
0
0
0
0
0
0
0
0
0
0
0
0
0
0
0
0
0
0
0
0
0
0
0
0
0
0
0
0
0
0
0
0
0
0
0
0
0
0
0
0
0
0
0
0
0
0
0
0
0
0
0
0
0
0
0
0
0
0
0
0
0
0
0
0
0
0
0
0
0
0
0
0
0
0
0
0
0
0
0
0
0
0
0
0
0
0
0
0
0
0
0
0
0
0
0
0
0
0
0
0
0
0
0
0
0
0
0
0
0
0
0
0
0
0
0
0
0
0
0
0
0
0
0
0
0
0
0
0
0
0
0
0
0
0
0
0
0
0
0
0
0
0
0
0
0
0
0
0
0
0
0
0
0
0
0
0
0
0
0
0
0
0
0
0
0
0
0
0
0
0
0
0
0
0
0
0
0
0
0
0
0
0
0
0
0
0
0
0
0
0
0
0
0
0
0
0
0
0
0
0
0
0
0
0
0
0
0
0
0
0
0
0
0
0
0
0
0
0
0
0
0
0
0
0
0
0
0
0
0
0
0
0
0
0
0
0
0
0
0
0
0
0
0
0
0
0
0
0
0
0
0
0
0
0
0
0
0
0
0
0
0
0
0
0
0
0
0
0
0
0
0
0
0
0
0
0
0
0
0
0
0
0
0
0
0
0
0
0
0
0
0
0
0
0
0
0
0
0
0
0
0
0
0
0
0
0
0
0
0
0
0
0
0
0
0
0
0
0
0
0
0
0
0
0
0
0
0
0
0
0
0
0
0
0
0
0
0
0
0
0
0
0
0
0
0
0
0
0
0
0
0
0
0
0
0
0
0
0
0
0
0
0
0
0
0
0
0
0
0
0
0
0
0
0
0
0
0
0
0
0
0
0
0
0
0
0
0
0
0
0
0
0
0
0
0
0
0
0
0
0
0
0
0
0
0
0
0
0
0
0
0
0
0
0
0
0
0
0
0
0
0
0
0
0
0
0
0
0
0
0
0
0
0
0
0
0
0
0
0
0
0
0
0
0
0
0
0
0
0
0
0
0
0
0
0
0
0
0
0
0
0
0
0
0
0
0
0
0
0
0
0
0
0
0
0
0
0
0
0
0
0
0
0
0
0
0
0
0
0
0
0
0
0
0
0
0
0
0
0
0
0
0
0
0
0
0
0
0
0
0
0
0
0
0
0
0
0
0
0
0
0
0
0
0
0
0
0
0
0
0
0
0
0
0
0
0
0
0
0
0
0
0
0
0
0
0
0
0
0
0
0
0
0
0
0
0
0
0
0
0
0
0
0
0
0
0
0
0
0
0
0
0
0
0
0
0
0
0
0
0
0
0
0
0
0
0
0
0
0
0
0
0
0
0
0
0
0
0
0
0
0
0
0
0
0
0
2.72848e-11
-192471
5870.18
3.45608e-11
-167726
122.419
-2.54659e-11
-160508
-521.2
5.45697e-12
-156850
-329.37
-2.54659e-11
-156219
-466.025
-3.63798e-12
-152420
-1469.87
3.27418e-11
-134754
-2230.28
0
0
0
0
0
0
0
0
0
-5.09317e-11
-229408
-7663.93
0
0
0
0
0
0
0
0
0
0
0
0
0
0
0
0
0
0
0
0
0
0
0
0
0
0
0
0
0
0
0
0
0
0
0
0
0
0
0
0
0
0
0
0
0
0
0
0
0
0
0
0
0
0
0
0
0
0
0
0
0
0
0
1.81899e-12
-91631
22335.4
0
0
0
0
0
0
0
0
0
0
0
0
0
0
0
0
0
0
0
0
0
0
0
0
0
0
0
0
0
0
3.27418e-11
-192471
5870.18
2.91038e-11
-167726
122.419
-2.54659e-11
-160508
-521.2
1.09139e-11
-156850
-329.37
-2.54659e-11
-156219
-466.025
-7.27596e-12
-152420
-1469.87
4.18368e-11
-134754
-2230.28
0
0
0
0
0
0
0
0
0
-5.09317e-11
-229408
-7663.93
0
0
0
0
0
0
0
0
0
0
0
0
0
0
0
0
0
0
0
0
0
0
0
0
0
0
0
0
0
0
0
0
0
0
0
0
0
0
0
0
0
0
0
0
0
0
0
0
0
0
0
0
0
0
0
0
0
0
0
0
0
0
0
0
-91631
22335.4
0
0
0
0
0
0
0
0
0
0
0
0
0
0
0
0
0
0
0
0
0
0
0
0
0
0
0
0
0
0
2.91038e-11
-192471
5870.18
3.27418e-11
-167726
122.419
-3.45608e-11
-160508
-521.2
3.63798e-12
-156850
-329.37
-2.18279e-11
-156219
-466.025
-3.63798e-12
-152420
-1469.87
4.72937e-11
-134754
-2230.28
0
0
0
0
0
0
0
0
0
-4.72937e-11
-229408
-7663.93
0
0
0
0
0
0
0
0
0
0
0
0
0
0
0
0
0
0
0
0
0
0
0
0
0
0
0
0
0
0
0
0
0
0
0
0
0
0
0
0
0
0
0
0
0
0
0
0
0
0
0
0
0
0
0
0
0
0
0
0
0
0
0
-1.81899e-12
-91631
22335.4
0
0
0
0
0
0
0
0
0
0
0
0
0
0
0
0
0
0
0
0
0
0
0
0
0
0
0
0
0
0
3.81988e-11
-192471
5870.18
3.09228e-11
-167726
122.419
-2.18279e-11
-160508
-521.2
7.27596e-12
-156850
-329.37
-2.18279e-11
-156219
-466.025
-1.09139e-11
-152420
-1469.87
3.63798e-11
-134754
-2230.28
0
0
0
0
0
0
0
0
0
-4.18368e-11
-229408
-7663.93
0
0
0
0
0
0
0
0
0
0
0
0
0
0
0
0
0
0
0
0
0
0
0
0
0
0
0
0
0
0
0
0
0
0
0
0
0
0
0
0
0
0
0
0
0
0
0
0
0
0
0
0
0
0
0
0
0
0
0
0
0
0
0
1.81899e-12
-91631
22335.4
0
0
0
0
0
0
0
0
0
0
0
0
0
0
0
0
0
0
0
0
0
0
0
0
0
0
0
0
0
0
2.54659e-11
-192471
5870.18
3.45608e-11
-167726
122.419
-1.45519e-11
-160508
-521.2
3.63798e-12
-156850
-329.37
-2.54659e-11
-156219
-466.025
-7.27596e-12
-152420
-1469.87
3.81988e-11
-134754
-2230.28
0
0
0
0
0
0
0
0
0
-5.09317e-11
-229408
-7663.93
0
0
0
0
0
0
0
0
0
0
0
0
0
0
0
0
0
0
0
0
0
0
0
0
0
0
0
0
0
0
0
0
0
0
0
0
0
0
0
0
0
0
0
0
0
0
0
0
0
0
0
0
0
0
0
0
0
0
0
0
0
0
0
1.81899e-12
-91631
22335.4
0
0
0
0
0
0
0
0
0
0
0
0
0
0
0
0
0
0
0
0
0
0
0
0
0
0
0
0
0
0
2.91038e-11
-192471
5870.18
2.91038e-11
-167726
122.419
-2.91038e-11
-160508
-521.2
3.63798e-12
-156850
-329.37
-2.72848e-11
-156219
-466.025
-7.27596e-12
-152420
-1469.87
3.81988e-11
-134754
-2230.28
0
0
0
0
0
0
0
0
0
-5.27507e-11
-229408
-7663.93
0
0
0
0
0
0
0
0
0
0
0
0
0
0
0
0
0
0
0
0
0
0
0
0
0
0
0
0
0
0
0
0
0
0
0
0
0
0
0
0
0
0
0
0
0
0
0
0
0
0
0
0
0
0
0
0
0
0
0
0
0
0
0
0
-91631
22335.4
0
0
0
0
0
0
0
0
0
0
0
0
0
0
0
0
0
0
0
0
0
0
0
0
0
0
0
0
0
0
2.18279e-11
-192471
5870.18
2.91038e-11
-167726
122.419
-2.91038e-11
-160508
-521.2
5.45697e-12
-156850
-329.37
-2.00089e-11
-156219
-466.025
-1.45519e-11
-152420
-1469.87
3.81988e-11
-134754
-2230.28
0
0
0
0
0
0
0
0
0
-5.45697e-11
-229408
-7663.93
0
0
0
0
0
0
0
0
0
0
0
0
0
0
0
0
0
0
0
0
0
0
0
0
0
0
0
0
0
0
0
0
0
0
0
0
0
0
0
0
0
0
0
0
0
0
0
0
0
0
0
0
0
0
0
0
0
0
0
0
0
0
0
3.63798e-12
-91631
22335.4
0
0
0
0
0
0
0
0
0
0
0
0
0
0
0
0
0
0
0
0
0
0
0
0
0
0
0
0
0
0
3.63798e-11
-192471
5870.18
3.27418e-11
-167726
122.419
-3.27418e-11
-160508
-521.2
5.45697e-12
-156850
-329.37
-2.00089e-11
-156219
-466.025
0
-152420
-1469.87
4.00178e-11
-134754
-2230.28
0
0
0
0
0
0
0
0
0
-4.72937e-11
-229408
-7663.93
0
0
0
0
0
0
0
0
0
0
0
0
0
0
0
0
0
0
0
0
0
0
0
0
0
0
0
0
0
0
0
0
0
0
0
0
0
0
0
0
0
0
0
0
0
0
0
0
0
0
0
0
0
0
0
0
0
0
0
0
0
0
0
1.81899e-12
-91631
22335.4
0
0
0
0
0
0
0
0
0
0
0
0
0
0
0
0
0
0
0
0
0
0
0
0
0
0
0
0
0
0
2.92175e-11
-192471
5870.18
2.89901e-11
-167726
122.419
-2.68301e-11
-160508
-521.2
8.18545e-12
-156850
-329.37
-2.6148e-11
-156219
-466.025
-1.26192e-11
-152420
-1469.87
3.76303e-11
-134754
-2230.28
0
0
0
0
0
0
0
0
0
-4.77485e-11
-229408
-7663.93
0
0
0
0
0
0
0
0
0
0
0
0
0
0
0
0
0
0
0
0
0
0
0
0
0
0
0
0
0
0
0
0
0
0
0
0
0
0
0
0
0
0
0
0
0
0
0
0
0
0
0
0
0
0
0
0
0
0
0
0
0
0
0
3.63798e-12
-91631
22335.4
