Vec Object: 1 MPI processes
  type: mpi
Process [0]
-0.151054
0.507016
0.150747
-0.151052
0.506999
-0.150742
0
0
0
0
0
0
0.151052
0.506999
-0.150742
0
0
0
0
0
0
0.151054
0.507016
0.150747
0.156687
1
-0.156692
0.156661
1
0.156599
-0.156661
1
0.156599
-0.156687
1
-0.156692
-0.151564
0.501666
0.122386
-0.152967
0.495517
0.0926479
-0.154486
0.490383
0.0620558
-0.155583
0.487176
0.0310748
-0.155974
0.486098
4.94414e-06
-0.155583
0.48718
-0.0310621
-0.154486
0.490389
-0.0620437
-0.152966
0.4955
-0.0926562
-0.151569
0.501657
-0.122386
-0.144901
0.415334
-0.144979
-0.134165
0.326365
-0.134253
-0.114579
0.238409
-0.114647
-0.0857221
0.140777
-0.0857538
0
0
0
0
0
0
0
0
0
0
0
0
0
0
0
0
0
0
0
0
0
0
0
0
0
0
0
-0.085723
0.140778
0.0857545
-0.11458
0.238412
0.114647
-0.134166
0.326371
0.134254
-0.144902
0.415343
0.14498
0.151569
0.501657
-0.122386
0.152966
0.4955
-0.0926562
0.154486
0.490389
-0.0620437
0.155583
0.48718
-0.0310621
0.155974
0.486098
4.94414e-06
0.155583
0.487176
0.0310748
0.154486
0.490383
0.0620558
0.152967
0.495517
0.0926479
0.151564
0.501666
0.122386
0.0857221
0.140777
-0.0857538
0.114579
0.238409
-0.114647
0.134165
0.326365
-0.134253
0.144901
0.415334
-0.144979
0
0
0
0
0
0
0
0
0
0
0
0
0
0
0
0
0
0
0
0
0
0
0
0
0
0
0
0.144902
0.415343
0.14498
0.134166
0.326371
0.134254
0.11458
0.238412
0.114647
0.085723
0.140778
0.0857545
0
0
0
0
0
0
0
0
0
0
0
0
0
0
0
0
0
0
0
0
0
0
0
0
0
0
0
0.122462
0.501326
0.151313
0.0926936
0.495055
0.152739
0.0620469
0.489926
0.154277
0.0310559
0.486731
0.155374
-3.14911e-14
0.485661
0.155764
-0.0310559
0.486731
0.155374
-0.0620469
0.489926
0.154277
-0.0926936
0.495055
0.152739
-0.122462
0.501326
0.151313
0
0
0
0
0
0
0
0
0
0
0
0
0
0
0
0
0
0
0
0
0
0
0
0
0
0
0
-0.122461
0.501312
-0.151306
-0.0926922
0.495044
-0.152731
-0.0620459
0.489916
-0.154268
-0.0310555
0.486722
-0.155364
1.41975e-14
0.485652
-0.155755
0.0310555
0.486722
-0.155364
0.0620459
0.489916
-0.154268
0.0926922
0.495044
-0.152731
0.122461
0.501312
-0.151306
0.154363
0.602046
-0.154099
0.155792
0.699375
-0.155573
0.156424
0.798571
-0.156416
0.156624
0.898993
-0.156619
0.156719
1
-0.126172
0.156923
1
-0.0954944
0.157171
1
-0.0641265
0.157399
1
-0.0322155
0.157484
1
1.64242e-05
0.157387
1
0.0322516
0.157154
1
0.0641589
0.156892
1
0.0955278
0.156732
1
0.126308
0.156634
0.899041
0.1567
0.156423
0.798684
0.15639
0.155792
0.699363
0.155588
0.154367
0.602068
0.154124
0.126256
1
-0.156726
0.0954659
1
-0.156917
0.0641057
1
-0.157205
0.0322104
1
-0.157452
9.95194e-16
1
-0.157547
-0.0322104
1
-0.157452
-0.0641057
1
-0.157205
-0.0954659
1
-0.156917
-0.126256
1
-0.156726
-0.126276
1
0.156635
-0.0954963
1
0.15685
-0.0641331
1
0.157156
-0.0322263
1
0.157413
3.75591e-16
1
0.157513
0.0322263
1
0.157413
0.0641331
1
0.157156
0.0954963
1
0.15685
0.126276
1
0.156635
-0.154367
0.602068
0.154124
-0.155792
0.699363
0.155588
-0.156423
0.798684
0.15639
-0.156634
0.899041
0.1567
-0.156732
1
0.126308
-0.156892
1
0.0955278
-0.157154
1
0.0641589
-0.157387
1
0.0322516
-0.157484
1
1.64242e-05
-0.157399
1
-0.0322155
-0.157171
1
-0.0641265
-0.156923
1
-0.0954944
-0.156719
1
-0.126172
-0.156624
0.898993
-0.156619
-0.156424
0.798571
-0.156416
-0.155792
0.699375
-0.155573
-0.154363
0.602046
-0.154099
-0.145883
0.406371
0.117107
-0.147925
0.397864
0.0878505
-0.149943
0.391744
0.0582259
-0.151303
0.388268
0.0289267
-0.151781
0.387169
3.467e-06
-0.151302
0.38827
-0.0289211
-0.149943
0.391742
-0.0582248
-0.147925
0.397857
-0.0878486
-0.145883
0.406365
-0.117106
-0.135557
0.312172
0.106646
-0.138229
0.301594
0.0782082
-0.140483
0.295414
0.0506967
-0.141971
0.29245
0.0248897
-0.14247
0.291553
1.39364e-06
-0.141971
0.29245
-0.0248877
-0.140483
0.295412
-0.0506954
-0.138229
0.30159
-0.0782077
-0.135557
0.312167
-0.106645
-0.117056
0.217223
0.0876208
-0.119356
0.206278
0.0604037
-0.12152
0.202197
0.0381001
-0.12276
0.200409
0.0184651
-0.123172
0.199919
3.48989e-07
-0.12276
0.200408
-0.0184646
-0.12152
0.202196
-0.0380999
-0.119355
0.206276
-0.0604036
-0.117056
0.21722
-0.0876204
-0.0849196
0.113892
0.050798
-0.0867791
0.110211
0.0330329
-0.0877977
0.108663
0.0204639
-0.0884218
0.108198
0.00984342
-0.0886248
0.108077
-2.21372e-08
-0.0884216
0.108198
-0.00984352
-0.0877973
0.108663
-0.0204641
-0.0867786
0.11021
-0.0330331
-0.0849189
0.113891
-0.0507979
0.145883
0.406371
0.117107
0.147925
0.397864
0.0878505
0.149943
0.391744
0.0582259
0.151303
0.388268
0.0289267
0.151781
0.387169
3.467e-06
0.151302
0.38827
-0.0289211
0.149943
0.391742
-0.0582248
0.147925
0.397857
-0.0878486
0.145883
0.406365
-0.117106
0.135557
0.312172
0.106646
0.138229
0.301594
0.0782082
0.140483
0.295414
0.0506967
0.141971
0.29245
0.0248897
0.14247
0.291553
1.39364e-06
0.141971
0.29245
-0.0248877
0.140483
0.295412
-0.0506954
0.138229
0.30159
-0.0782077
0.135557
0.312167
-0.106645
0.117056
0.217223
0.0876208
0.119356
0.206278
0.0604037
0.12152
0.202197
0.0381001
0.12276
0.200409
0.0184651
0.123172
0.199919
3.48989e-07
0.12276
0.200408
-0.0184646
0.12152
0.202196
-0.0380999
0.119355
0.206276
-0.0604036
0.117056
0.21722
-0.0876204
0.0849196
0.113892
0.050798
0.0867791
0.110211
0.0330329
0.0877977
0.108663
0.0204639
0.0884218
0.108198
0.00984342
0.0886248
0.108077
-2.21372e-08
0.0884216
0.108198
-0.00984352
0.0877973
0.108663
-0.0204641
0.0867786
0.11021
-0.0330331
0.0849189
0.113891
-0.0507979
-0.117083
0.40622
0.145895
-0.106571
0.312126
0.135609
-0.0875609
0.217218
0.117104
-0.0507663
0.1139
0.0849453
-0.0878511
0.39765
0.147942
-0.0781676
0.301497
0.138267
-0.0603588
0.206246
0.119391
-0.0330049
0.110207
0.0867978
-0.0582394
0.391515
0.149971
-0.0506784
0.295299
0.140519
-0.0380737
0.202148
0.121551
-0.0204446
0.10865
0.0878116
-0.0289335
0.388048
0.151337
-0.0248834
0.292332
0.142008
-0.0184534
0.200354
0.122789
-0.00983413
0.108181
0.0884334
-4.61977e-14
0.386952
0.151818
-5.39516e-14
0.291437
0.142509
-4.7545e-14
0.199863
0.123201
-2.73417e-14
0.108059
0.0886358
0.0289335
0.388048
0.151337
0.0248834
0.292332
0.142008
0.0184534
0.200354
0.122789
0.00983413
0.108181
0.0884334
0.0582394
0.391515
0.149971
0.0506784
0.295299
0.140519
0.0380737
0.202148
0.121551
0.0204446
0.10865
0.0878116
0.0878511
0.39765
0.147942
0.0781676
0.301497
0.138267
0.0603588
0.206246
0.119391
0.0330049
0.110207
0.0867978
0.117083
0.40622
0.145895
0.106571
0.312126
0.135609
0.0875609
0.217218
0.117104
0.0507663
0.1139
0.0849453
-0.117083
0.406211
-0.145893
-0.106571
0.312121
-0.135607
-0.0875604
0.217215
-0.117103
-0.0507659
0.113898
-0.0849445
-0.087851
0.397641
-0.147939
-0.0781677
0.301492
-0.138265
-0.0603587
0.206243
-0.11939
-0.0330047
0.110206
-0.086797
-0.0582393
0.391507
-0.149967
-0.0506786
0.295294
-0.140518
-0.0380738
0.202145
-0.12155
-0.0204446
0.108649
-0.0878108
-0.0289335
0.38804
-0.151333
-0.0248835
0.292327
-0.142007
-0.0184534
0.200351
-0.122788
-0.00983415
0.108179
-0.0884325
2.00356e-14
0.386944
-0.151813
2.29949e-14
0.291432
-0.142507
1.99869e-14
0.19986
-0.123199
1.14977e-14
0.108057
-0.0886349
0.0289335
0.38804
-0.151333
0.0248835
0.292327
-0.142007
0.0184534
0.200351
-0.122788
0.00983415
0.108179
-0.0884325
0.0582393
0.391507
-0.149967
0.0506786
0.295294
-0.140518
0.0380738
0.202145
-0.12155
0.0204446
0.108649
-0.0878108
0.087851
0.397641
-0.147939
0.0781677
0.301492
-0.138265
0.0603587
0.206243
-0.11939
0.0330047
0.110206
-0.086797
0.117083
0.406211
-0.145893
0.106571
0.312121
-0.135607
0.0875604
0.217215
-0.117103
0.0507659
0.113898
-0.0849445
-0.122356
0.496302
0.122259
-0.123246
0.490392
0.0920686
-0.124451
0.48548
0.0614143
-0.125363
0.482411
0.030679
-0.125695
0.481381
4.9166e-06
-0.125362
0.482414
-0.030667
-0.124449
0.485489
-0.0614034
-0.12325
0.490383
-0.0920778
-0.122356
0.496295
-0.122256
-0.0921616
0.49031
0.123216
-0.0926259
0.484388
0.0926029
-0.0934449
0.47945
0.0616406
-0.0941084
0.476371
0.0307471
-0.0943557
0.475338
4.76095e-06
-0.094107
0.476373
-0.0307366
-0.093444
0.479458
-0.0616335
-0.0926312
0.484384
-0.0926122
-0.0921605
0.490303
-0.123208
-0.061464
0.485391
0.124438
-0.0616389
0.47945
0.0934443
-0.0621225
0.474441
0.0621455
-0.0625384
0.471312
0.0309775
-0.0626968
0.470264
4.56009e-06
-0.0625376
0.471314
-0.0309681
-0.0621228
0.474448
-0.0621403
-0.0616444
0.479446
-0.093454
-0.0614635
0.485383
-0.124428
-0.0306979
0.482316
0.125357
-0.0307383
0.476376
0.0941161
-0.0309561
0.471319
0.0625712
-0.0311533
0.468152
0.0311813
-0.0312294
0.46709
4.43088e-06
-0.0311529
0.468153
-0.0311724
-0.0309567
0.471324
-0.0625668
-0.0307417
0.476372
-0.094126
-0.0306978
0.482308
-0.125347
-1.81113e-14
0.481285
0.125691
-1.3252e-14
0.475347
0.0943653
-1.12921e-14
0.470274
0.0627323
-5.51755e-15
0.467094
0.0312593
-2.63521e-15
0.466028
4.38999e-06
1.14635e-15
0.467095
-0.0312506
4.1198e-15
0.470279
-0.0627281
6.18104e-15
0.475342
-0.0943752
8.34338e-15
0.481277
-0.125681
0.0306979
0.482316
0.125357
0.0307383
0.476376
0.0941161
0.0309561
0.471319
0.0625712
0.0311533
0.468152
0.0311813
0.0312294
0.46709
4.43088e-06
0.0311529
0.468153
-0.0311724
0.0309567
0.471324
-0.0625668
0.0307417
0.476372
-0.094126
0.0306978
0.482308
-0.125347
0.061464
0.485391
0.124438
0.0616389
0.47945
0.0934443
0.0621225
0.474441
0.0621455
0.0625384
0.471312
0.0309775
0.0626968
0.470264
4.56009e-06
0.0625376
0.471314
-0.0309681
0.0621228
0.474448
-0.0621403
0.0616444
0.479446
-0.093454
0.0614635
0.485383
-0.124428
0.0921616
0.49031
0.123216
0.0926259
0.484388
0.0926029
0.0934449
0.47945
0.0616406
0.0941084
0.476371
0.0307471
0.0943557
0.475338
4.76095e-06
0.094107
0.476373
-0.0307366
0.093444
0.479458
-0.0616335
0.0926312
0.484384
-0.0926122
0.0921605
0.490303
-0.123208
0.122356
0.496302
0.122259
0.123246
0.490392
0.0920686
0.124451
0.48548
0.0614143
0.125363
0.482411
0.030679
0.125695
0.481381
4.9166e-06
0.125362
0.482414
-0.030667
0.124449
0.485489
-0.0614034
0.12325
0.490383
-0.0920778
0.122356
0.496295
-0.122256
0
0
0
0
0
0
0
0
0
0
0
0
0
0
0
0
0
0
0
0
0
0
0
0
0
0
0
0
0
0
0
0
0
0
0
0
0
0
0
0
0
0
0
0
0
0
0
0
0
0
0
0
0
0
0
0
0
0
0
0
0
0
0
0
0
0
0
0
0
0
0
0
0
0
0
0
0
0
0
0
0
0
0
0
0
0
0
0
0
0
0
0
0
0
0
0
0
0
0
0
0
0
0
0
0
0
0
0
0
0
0
0
0
0
0
0
0
0
0
0
0
0
0
0
0
0
0
0
0
0
0
0
0
0
0
0
0
0
0
0
0
0
0
0
0
0
0
0
0
0
0
0
0
0
0
0
0
0
0
0
0
0
0
0
0
0
0
0
0
0
0
0
0
0
0
0
0
0
0
0
0
0
0
0
0
0
0
0
0
0
0
0
0
0
0
0
0
0
0
0
0
0
0
0
0
0
0
0
0
0
0
0
0
0
0
0
0
0
0
0
0
0
0
0
0
0
0
0
0
0
0
0
0
0
0
0
0
0
0
0
0
0
0
0.154503
0.583621
0.113147
0.155697
0.57784
0.0802103
0.156778
0.573647
0.0479569
0.157386
0.570948
0.0160012
0.157384
0.570682
-0.015934
0.156782
0.573853
-0.0478987
0.15577
0.581948
-0.0801999
0.154615
0.588516
-0.113737
0.156293
0.749541
-0.128246
0.156597
0.84881
-0.128927
0.156777
0.912947
0.114509
0.157032
0.913424
0.0811042
0.157328
0.911889
0.0486014
0.157525
0.910616
0.0162366
0.15753
0.910332
-0.0161204
0.157344
0.909215
-0.0484566
0.157054
0.905623
-0.0796375
0.156344
0.747445
0.121559
0.155508
0.659089
0.128873
0.15659
0.837761
0.129618
0.156702
0.941047
-0.128466
0.156821
0.830164
0.0993116
0.157229
0.826591
0.065724
0.157589
0.824124
0.0327434
0.157727
0.822893
0.000118179
0.157596
0.823134
-0.0324925
0.157279
0.821286
-0.0636941
0.156829
0.807458
-0.0974361
0.156998
0.65862
0.065374
0.15767
0.655087
0.0326
0.157916
0.653495
9.87339e-05
0.157678
0.655773
-0.032217
0.157059
0.663379
-0.0640307
0.156092
0.661513
0.0991471
0.156326
0.685176
-0.0989379
0.156898
0.743809
0.0836526
0.1575
0.740481
0.0495872
0.157857
0.73831
0.0165567
0.157855
0.738799
-0.0161212
0.157519
0.740611
-0.0474567
0.157057
0.743359
-0.0745495
0.155527
0.664672
-0.130427
0.156839
0.900508
-0.106067
-0.154503
0.583621
0.113147
-0.155697
0.57784
0.0802103
-0.156778
0.573647
0.0479569
-0.157386
0.570948
0.0160012
-0.157384
0.570682
-0.015934
-0.156782
0.573853
-0.0478987
-0.15577
0.581948
-0.0801999
-0.154615
0.588516
-0.113737
-0.156293
0.749541
-0.128246
-0.156597
0.84881
-0.128927
-0.156777
0.912947
0.114509
-0.157032
0.913424
0.0811042
-0.157328
0.911889
0.0486014
-0.157525
0.910616
0.0162366
-0.15753
0.910332
-0.0161204
-0.157344
0.909215
-0.0484566
-0.157054
0.905623
-0.0796375
-0.156344
0.747445
0.121559
-0.155508
0.659089
0.128873
-0.15659
0.837761
0.129618
-0.156702
0.941047
-0.128466
-0.156821
0.830164
0.0993116
-0.157229
0.826591
0.065724
-0.157589
0.824124
0.0327434
-0.157727
0.822893
0.000118179
-0.157596
0.823134
-0.0324925
-0.157279
0.821286
-0.0636941
-0.156829
0.807458
-0.0974361
-0.156998
0.65862
0.065374
-0.15767
0.655087
0.0326
-0.157916
0.653495
9.87339e-05
-0.157678
0.655773
-0.032217
-0.157059
0.663379
-0.0640307
-0.156092
0.661513
0.0991471
-0.156326
0.685176
-0.0989379
-0.156898
0.743809
0.0836526
-0.1575
0.740481
0.0495872
-0.157857
0.73831
0.0165567
-0.157855
0.738799
-0.0161212
-0.157519
0.740611
-0.0474567
-0.157057
0.743359
-0.0745495
-0.155527
0.664672
-0.130427
-0.156839
0.900508
-0.106067
0.126209
1
0.126264
0.126302
1
0.0954066
0.126499
1
0.0640101
0.12669
1
0.0321489
0.126769
1
1.34573e-05
0.126697
1
-0.0321179
0.126512
1
-0.0639797
0.126308
1
-0.0953712
0.126212
1
-0.126131
0.095325
1
0.126387
0.0953655
1
0.095466
0.0955073
1
0.0640299
0.0956497
1
0.0321497
0.0957093
1
1.26691e-05
0.0956546
1
-0.0321192
0.0955156
1
-0.0639991
0.0953676
1
-0.0954322
0.0953345
1
-0.12626
0.0639397
1
0.12661
0.0639447
1
0.0956219
0.0640349
1
0.0641291
0.0641294
1
0.0321972
0.0641691
1
1.23763e-05
0.0641323
1
-0.0321665
0.0640398
1
-0.0640979
0.0639457
1
-0.0955888
0.063949
1
-0.126489
0.0321014
1
0.126811
0.032095
1
0.0957705
0.0321382
1
0.0642278
0.0321853
1
0.0322463
0.0322052
1
1.22847e-05
0.0321867
1
-0.0322153
0.0321407
1
-0.0641963
0.0320954
1
-0.0957376
0.0321068
1
-0.126694
1.07586e-15
1
0.12689
1.35418e-15
1
0.0958301
1.06793e-15
1
0.0642678
9.34741e-16
1
0.0322663
9.82711e-16
1
1.22622e-05
7.89195e-16
1
-0.0322352
9.45711e-16
1
-0.0642361
6.8908e-16
1
-0.0957973
8.64401e-16
1
-0.126775
-0.0321014
1
0.126811
-0.032095
1
0.0957705
-0.0321382
1
0.0642278
-0.0321853
1
0.0322463
-0.0322052
1
1.22847e-05
-0.0321867
1
-0.0322153
-0.0321407
1
-0.0641963
-0.0320954
1
-0.0957376
-0.0321068
1
-0.126694
-0.0639397
1
0.12661
-0.0639447
1
0.0956219
-0.0640349
1
0.0641291
-0.0641294
1
0.0321972
-0.0641691
1
1.23763e-05
-0.0641323
1
-0.0321665
-0.0640398
1
-0.0640979
-0.0639457
1
-0.0955888
-0.063949
1
-0.126489
-0.095325
1
0.126387
-0.0953655
1
0.095466
-0.0955073
1
0.0640299
-0.0956497
1
0.0321497
-0.0957093
1
1.26691e-05
-0.0956546
1
-0.0321192
-0.0955156
1
-0.0639991
-0.0953676
1
-0.0954322
-0.0953345
1
-0.12626
-0.126209
1
0.126264
-0.126302
1
0.0954066
-0.126499
1
0.0640101
-0.12669
1
0.0321489
-0.126769
1
1.34573e-05
-0.126697
1
-0.0321179
-0.126512
1
-0.0639797
-0.126308
1
-0.0953712
-0.126212
1
-0.126131
0.125039
0.598795
0.154504
0.126029
0.697536
0.155799
0.126282
0.797745
0.156488
0.126269
0.898655
0.156744
0.0948438
0.594573
0.155467
0.0955571
0.69481
0.156413
0.095633
0.79615
0.156856
0.0955044
0.897931
0.156978
0.0637395
0.590742
0.15658
0.0642619
0.692168
0.157154
0.064281
0.794526
0.157342
0.0641427
0.897173
0.15731
0.0320126
0.588175
0.157413
0.0323063
0.690321
0.157729
0.032314
0.793359
0.157735
0.0322315
0.896618
0.15759
-7.27285e-15
0.587282
0.157718
2.16232e-15
0.689665
0.157943
-8.15661e-16
0.792938
0.157884
1.74889e-15
0.896416
0.157698
-0.0320126
0.588175
0.157413
-0.0323063
0.690321
0.157729
-0.032314
0.793359
0.157735
-0.0322315
0.896618
0.15759
-0.0637395
0.590742
0.15658
-0.0642619
0.692168
0.157154
-0.064281
0.794526
0.157342
-0.0641427
0.897173
0.15731
-0.0948438
0.594573
0.155467
-0.0955571
0.69481
0.156413
-0.095633
0.79615
0.156856
-0.0955044
0.897931
0.156978
-0.125039
0.598795
0.154504
-0.126029
0.697536
0.155799
-0.126282
0.797745
0.156488
-0.126269
0.898655
0.156744
0.126279
0.898604
-0.156668
0.126277
0.797637
-0.156517
0.126037
0.697544
-0.1558
0.125034
0.59878
-0.154484
0.0955271
0.89788
-0.156902
0.0956292
0.796044
-0.156883
0.0955723
0.694815
-0.156422
0.0948402
0.594561
-0.155453
0.0641669
0.897116
-0.157239
0.0642799
0.79442
-0.157369
0.0642767
0.692167
-0.157172
0.0637367
0.590731
-0.15657
0.0322467
0.896556
-0.157523
0.032314
0.793251
-0.157764
0.0323149
0.690317
-0.157753
0.0320111
0.588165
-0.157406
6.4256e-16
0.896353
-0.157633
1.48431e-15
0.79283
-0.157914
4.41185e-16
0.68966
-0.157969
4.76134e-15
0.587272
-0.15771
-0.0322467
0.896556
-0.157523
-0.032314
0.793251
-0.157764
-0.0323149
0.690317
-0.157753
-0.0320111
0.588165
-0.157406
-0.0641669
0.897116
-0.157239
-0.0642799
0.79442
-0.157369
-0.0642767
0.692167
-0.157172
-0.0637367
0.590731
-0.15657
-0.0955271
0.89788
-0.156902
-0.0956292
0.796044
-0.156883
-0.0955723
0.694815
-0.156422
-0.0948402
0.594561
-0.155453
-0.126279
0.898604
-0.156668
-0.126277
0.797637
-0.156517
-0.126037
0.697544
-0.1558
-0.125034
0.59878
-0.154484
-0.116915
0.397517
0.116931
-0.118297
0.389221
0.0870842
-0.119875
0.383253
0.0574231
-0.121004
0.37987
0.0284482
-0.121405
0.378798
3.35642e-06
-0.121004
0.379872
-0.0284426
-0.119876
0.383252
-0.0574217
-0.118298
0.389216
-0.0870821
-0.116916
0.397511
-0.11693
-0.106479
0.298141
0.106534
-0.108201
0.287504
0.0773334
-0.109991
0.281325
0.049832
-0.111199
0.278324
0.0243888
-0.111618
0.27741
1.38891e-06
-0.111199
0.278324
-0.0243867
-0.109991
0.281324
-0.0498306
-0.108202
0.287501
-0.0773328
-0.106479
0.298136
-0.106533
-0.0874384
0.195577
0.087486
-0.0891149
0.184479
0.0596013
-0.0906798
0.180125
0.0373437
-0.0917002
0.178135
0.0180434
-0.0920415
0.177572
3.88604e-07
-0.0917002
0.178135
-0.0180428
-0.0906798
0.180124
-0.0373434
-0.0891148
0.184477
-0.059601
-0.0874381
0.195574
-0.0874854
-0.0505779
0.0864775
0.0506037
-0.0513408
0.0825035
0.0324962
-0.0522218
0.0805722
0.0199899
-0.0527446
0.0798554
0.0095849
-0.0529212
0.0796475
2.25707e-08
-0.0527446
0.0798551
-0.00958489
-0.0522217
0.0805717
-0.0199899
-0.0513406
0.0825026
-0.0324962
-0.0505776
0.0864762
-0.0506034
-0.0870761
0.389146
0.118318
-0.0877944
0.380776
0.0878063
-0.0888553
0.374756
0.0577157
-0.0896708
0.371349
0.0285315
-0.089968
0.370271
3.00442e-06
-0.0896706
0.37135
-0.0285264
-0.0888559
0.374756
-0.057714
-0.0877957
0.380774
-0.0878039
-0.0870771
0.389142
-0.118318
-0.0772972
0.287452
0.108251
-0.0781466
0.276753
0.0781831
-0.0793192
0.270521
0.0501526
-0.080182
0.267504
0.0244796
-0.0804897
0.266585
1.30658e-06
-0.0801821
0.267504
-0.0244776
-0.0793196
0.27052
-0.0501511
-0.0781472
0.276751
-0.0781822
-0.0772976
0.287449
-0.10825
-0.0595627
0.184456
0.0891557
-0.0603094
0.173328
0.0603453
-0.0613343
0.169017
0.0376241
-0.0620619
0.167037
0.0181152
-0.0623191
0.166475
3.96593e-07
-0.062062
0.167036
-0.0181145
-0.0613344
0.169016
-0.0376236
-0.0603096
0.173326
-0.0603448
-0.0595627
0.184453
-0.0891551
-0.0324725
0.0824952
0.0513627
-0.0329177
0.0786478
0.0329395
-0.0335008
0.076813
0.0201347
-0.0339262
0.0761325
0.00961758
-0.0340716
0.0759343
3.38874e-08
-0.0339262
0.0761323
-0.00961755
-0.0335008
0.0768125
-0.0201347
-0.0329177
0.078647
-0.0329394
-0.0324724
0.0824941
-0.0513624
-0.0574234
0.383157
0.119911
-0.0577134
0.374737
0.0888814
-0.0583236
0.368649
0.0583367
-0.05883
0.365204
0.0288069
-0.0590192
0.364114
2.64549e-06
-0.0588298
0.365205
-0.0288025
-0.058324
0.368649
-0.0583351
-0.0577142
0.374735
-0.0888789
-0.0574241
0.383154
-0.119909
-0.0498134
0.281252
0.110043
-0.0501322
0.270498
0.0793586
-0.0507906
0.264253
0.0508135
-0.0513209
0.261232
0.0247663
-0.0515166
0.260312
1.1611e-06
-0.0513209
0.261232
-0.0247644
-0.0507908
0.264252
-0.050812
-0.0501326
0.270496
-0.0793576
-0.0498137
0.281248
-0.110041
-0.0373193
0.180084
0.0907182
-0.0376004
0.169
0.0613699
-0.0381671
0.16475
0.0381912
-0.038621
0.162809
0.0183603
-0.0387866
0.16226
3.67548e-07
-0.038621
0.162809
-0.0183596
-0.0381672
0.164749
-0.0381907
-0.0376005
0.168999
-0.0613694
-0.0373195
0.180082
-0.0907175
-0.0199728
0.0805563
0.0522415
-0.0201185
0.0768055
0.0335217
-0.0204622
0.0750393
0.0204783
-0.0207338
0.0744017
0.00976427
-0.0208338
0.0742164
3.31825e-08
-0.0207338
0.0744015
-0.00976424
-0.0204623
0.0750389
-0.0204783
-0.0201185
0.0768048
-0.0335217
-0.0199728
0.0805552
-0.0522412
-0.0284472
0.379776
0.121046
-0.0285296
0.371332
0.0897049
-0.0287992
0.365208
0.0588492
-0.0290367
0.361736
0.0290477
-0.0291273
0.360637
2.40283e-06
-0.0290367
0.361737
-0.0290437
-0.0287994
0.365207
-0.0588478
-0.0285299
0.37133
-0.0897022
-0.0284476
0.379773
-0.121044
-0.0243813
0.278246
0.111254
-0.0244708
0.267477
0.0802248
-0.0247562
0.261227
0.0513467
-0.0250032
0.258207
0.0250148
-0.0250966
0.257288
1.03248e-06
-0.0250032
0.258207
-0.0250131
-0.0247562
0.261226
-0.0513452
-0.0244709
0.267475
-0.0802237
-0.0243815
0.278243
-0.111253
-0.0180321
0.178087
0.0917385
-0.0181039
0.167013
0.0620982
-0.0183486
0.162803
0.0386459
-0.0185599
0.160886
0.0185721
-0.0186397
0.160346
3.27077e-07
-0.0185599
0.160886
-0.0185714
-0.0183486
0.162802
-0.0386454
-0.018104
0.167012
-0.0620977
-0.0180321
0.178085
-0.0917378
-0.00957642
0.0798356
0.0527635
-0.00960932
0.0761212
0.033947
-0.009756
0.0743979
0.02075
-0.00988534
0.0737863
0.00989371
-0.00993373
0.0736096
2.58746e-08
-0.00988535
0.0737861
-0.00989367
-0.00975603
0.0743975
-0.0207499
-0.00960936
0.0761205
-0.0339469
-0.00957645
0.0798346
-0.0527632
-3.75516e-14
0.378705
0.121448
-2.91526e-14
0.370256
0.0900047
-2.35131e-14
0.364121
0.0590405
-1.25043e-14
0.36064
0.0291393
-6.31562e-15
0.359539
2.32018e-06
1.08301e-15
0.360641
-0.0291356
7.02335e-15
0.36412
-0.0590393
1.14667e-14
0.370254
-0.090002
1.5394e-14
0.378702
-0.121446
-4.33555e-14
0.277332
0.111675
-3.59653e-14
0.266557
0.0805337
-2.79353e-14
0.260308
0.0515435
-1.58096e-14
0.257288
0.0251087
-7.83754e-15
0.256368
9.82958e-07
9.72148e-16
0.257288
-0.0251071
7.89327e-15
0.260307
-0.051542
1.36799e-14
0.266555
-0.0805326
1.7356e-14
0.277329
-0.111673
-3.91765e-14
0.177523
0.09208
-3.26958e-14
0.16645
0.0623558
-2.49099e-14
0.162253
0.0388119
-1.43965e-14
0.160344
0.0186521
-7.08334e-15
0.159806
3.08721e-07
7.29973e-16
0.160344
-0.0186515
6.85533e-15
0.162252
-0.0388114
1.21747e-14
0.166449
-0.0623552
1.54668e-14
0.177521
-0.0920792
-2.29047e-14
0.0796269
0.0529399
-1.91915e-14
0.0759221
0.0340925
-1.44329e-14
0.0742117
0.02085
-8.43156e-15
0.0736087
0.00994215
-4.09709e-15
0.0734348
2.1729e-08
4.13304e-16
0.0736085
-0.00994212
3.97889e-15
0.0742112
-0.02085
7.16471e-15
0.0759214
-0.0340924
9.07103e-15
0.0796259
-0.0529395
0.0284472
0.379776
0.121046
0.0285296
0.371332
0.0897049
0.0287992
0.365208
0.0588492
0.0290367
0.361736
0.0290477
0.0291273
0.360637
2.40283e-06
0.0290367
0.361737
-0.0290437
0.0287994
0.365207
-0.0588478
0.0285299
0.37133
-0.0897022
0.0284476
0.379773
-0.121044
0.0243813
0.278246
0.111254
0.0244708
0.267477
0.0802248
0.0247562
0.261227
0.0513467
0.0250032
0.258207
0.0250148
0.0250966
0.257288
1.03248e-06
0.0250032
0.258207
-0.0250131
0.0247562
0.261226
-0.0513452
0.0244709
0.267475
-0.0802237
0.0243815
0.278243
-0.111253
0.0180321
0.178087
0.0917385
0.0181039
0.167013
0.0620982
0.0183486
0.162803
0.0386459
0.0185599
0.160886
0.0185721
0.0186397
0.160346
3.27077e-07
0.0185599
0.160886
-0.0185714
0.0183486
0.162802
-0.0386454
0.018104
0.167012
-0.0620977
0.0180321
0.178085
-0.0917378
0.00957642
0.0798356
0.0527635
0.00960932
0.0761212
0.033947
0.009756
0.0743979
0.02075
0.00988534
0.0737863
0.00989371
0.00993373
0.0736096
2.58746e-08
0.00988535
0.0737861
-0.00989367
0.00975603
0.0743975
-0.0207499
0.00960936
0.0761205
-0.0339469
0.00957645
0.0798346
-0.0527632
0.0574234
0.383157
0.119911
0.0577134
0.374737
0.0888814
0.0583236
0.368649
0.0583367
0.05883
0.365204
0.0288069
0.0590192
0.364114
2.64549e-06
0.0588298
0.365205
-0.0288025
0.058324
0.368649
-0.0583351
0.0577142
0.374735
-0.0888789
0.0574241
0.383154
-0.119909
0.0498134
0.281252
0.110043
0.0501322
0.270498
0.0793586
0.0507906
0.264253
0.0508135
0.0513209
0.261232
0.0247663
0.0515166
0.260312
1.1611e-06
0.0513209
0.261232
-0.0247644
0.0507908
0.264252
-0.050812
0.0501326
0.270496
-0.0793576
0.0498137
0.281248
-0.110041
0.0373193
0.180084
0.0907182
0.0376004
0.169
0.0613699
0.0381671
0.16475
0.0381912
0.038621
0.162809
0.0183603
0.0387866
0.16226
3.67548e-07
0.038621
0.162809
-0.0183596
0.0381672
0.164749
-0.0381907
0.0376005
0.168999
-0.0613694
0.0373195
0.180082
-0.0907175
0.0199728
0.0805563
0.0522415
0.0201185
0.0768055
0.0335217
0.0204622
0.0750393
0.0204783
0.0207338
0.0744017
0.00976427
0.0208338
0.0742164
3.31824e-08
0.0207338
0.0744015
-0.00976424
0.0204623
0.0750389
-0.0204783
0.0201185
0.0768048
-0.0335217
0.0199728
0.0805552
-0.0522412
0.0870761
0.389146
0.118318
0.0877944
0.380776
0.0878063
0.0888553
0.374756
0.0577157
0.0896708
0.371349
0.0285315
0.089968
0.370271
3.00442e-06
0.0896706
0.37135
-0.0285264
0.0888559
0.374756
-0.057714
0.0877957
0.380774
-0.0878039
0.0870771
0.389142
-0.118318
0.0772972
0.287452
0.108251
0.0781466
0.276753
0.0781831
0.0793192
0.270521
0.0501526
0.080182
0.267504
0.0244796
0.0804897
0.266585
1.30658e-06
0.0801821
0.267504
-0.0244776
0.0793196
0.27052
-0.0501511
0.0781472
0.276751
-0.0781822
0.0772976
0.287449
-0.10825
0.0595627
0.184456
0.0891557
0.0603094
0.173328
0.0603453
0.0613343
0.169017
0.0376241
0.0620619
0.167037
0.0181152
0.0623191
0.166475
3.96593e-07
0.062062
0.167036
-0.0181145
0.0613344
0.169016
-0.0376236
0.0603096
0.173326
-0.0603448
0.0595627
0.184453
-0.0891551
0.0324725
0.0824952
0.0513627
0.0329177
0.0786478
0.0329395
0.0335008
0.076813
0.0201347
0.0339262
0.0761325
0.00961758
0.0340716
0.0759343
3.38874e-08
0.0339262
0.0761323
-0.00961755
0.0335008
0.0768125
-0.0201347
0.0329177
0.078647
-0.0329394
0.0324724
0.0824941
-0.0513624
0.116915
0.397517
0.116931
0.118297
0.389221
0.0870842
0.119875
0.383253
0.0574231
0.121004
0.37987
0.0284482
0.121405
0.378798
3.35642e-06
0.121004
0.379872
-0.0284426
0.119876
0.383252
-0.0574217
0.118298
0.389216
-0.0870821
0.116916
0.397511
-0.11693
0.106479
0.298141
0.106534
0.108201
0.287504
0.0773334
0.109991
0.281325
0.049832
0.111199
0.278324
0.0243888
0.111618
0.27741
1.38891e-06
0.111199
0.278324
-0.0243867
0.109991
0.281324
-0.0498306
0.108202
0.287501
-0.0773328
0.106479
0.298136
-0.106533
0.0874384
0.195577
0.087486
0.0891149
0.184479
0.0596013
0.0906798
0.180125
0.0373437
0.0917002
0.178135
0.0180434
0.0920415
0.177572
3.88604e-07
0.0917002
0.178135
-0.0180428
0.0906798
0.180124
-0.0373434
0.0891148
0.184477
-0.059601
0.0874381
0.195574
-0.0874854
0.0505779
0.0864775
0.0506037
0.0513408
0.0825035
0.0324962
0.0522218
0.0805722
0.0199899
0.0527446
0.0798554
0.0095849
0.0529212
0.0796475
2.25706e-08
0.0527446
0.0798551
-0.00958489
0.0522217
0.0805717
-0.0199899
0.0513406
0.0825026
-0.0324962
0.0505776
0.0864762
-0.0506034
0.124751
0.580306
0.112889
0.125637
0.574783
0.0796917
0.12651
0.57077
0.0475144
0.127016
0.568157
0.0158318
0.127013
0.567887
-0.0157646
0.12651
0.570977
-0.0474571
0.125695
0.578969
-0.0796902
0.124839
0.585297
-0.113486
0.126082
0.748351
-0.128202
0.126211
0.848233
-0.128885
0.126235
0.912663
0.114434
0.126426
0.913195
0.080951
0.126669
0.911697
0.0484535
0.126832
0.910447
0.016175
0.126836
0.910162
-0.0160642
0.126682
0.909015
-0.0483114
0.126458
0.905371
-0.0794758
0.126105
0.746259
0.121477
0.125617
0.656922
0.128855
0.126221
0.837123
0.12959
0.126209
0.94085
-0.128426
0.126353
0.829579
0.0991563
0.126671
0.82608
0.0655133
0.126963
0.823682
0.0326005
0.127078
0.822474
0.00011542
0.126969
0.822687
-0.0323559
0.126703
0.820759
-0.0634891
0.126385
0.806754
-0.0972614
0.126679
0.656872
0.0649861
0.127232
0.653461
0.0323489
0.127439
0.65191
9.93566e-05
0.12724
0.654156
-0.0319652
0.126725
0.661684
-0.0636447
0.125996
0.659565
0.0988416
0.126151
0.68351
-0.0986578
0.12651
0.742749
0.0833829
0.126993
0.739553
0.0493321
0.127292
0.737452
0.0164555
0.127293
0.737944
-0.0160226
0.127022
0.73969
-0.047208
0.126645
0.742346
-0.0742649
0.12565
0.662573
-0.130436
0.126289
0.900191
-0.10596
0.094206
0.576038
0.113427
0.0947858
0.570511
0.0799444
0.0954089
0.566484
0.0476026
0.0957812
0.563859
0.0158499
0.0957779
0.563583
-0.0157816
0.0954088
0.566692
-0.0475449
0.0948414
0.57477
-0.0799413
0.0942872
0.581114
-0.114014
0.0953595
0.746402
-0.12852
0.0953906
0.847186
-0.129077
0.0953446
0.9121
0.114551
0.0954684
0.912657
0.0810002
0.095648
0.911155
0.0484642
0.0957711
0.909902
0.0161739
0.0957736
0.909616
-0.0160658
0.0956582
0.908456
-0.0483235
0.0954938
0.904783
-0.0795223
0.0953511
0.74431
0.121761
0.0950409
0.653812
0.129364
0.095408
0.835981
0.129796
0.095342
0.940468
-0.128564
0.09546
0.82843
0.0992741
0.0956854
0.82492
0.0655555
0.0959029
0.822516
0.0326075
0.09599
0.821304
0.00011332
0.0959077
0.821515
-0.0323671
0.0957112
0.819558
-0.0635353
0.0954953
0.805417
-0.0973843
0.0956998
0.653918
0.0650964
0.0961035
0.650496
0.0323786
0.0962577
0.648936
0.000102082
0.0961106
0.6512
-0.0319865
0.0957355
0.658793
-0.0637351
0.0952273
0.656607
0.0991174
0.095356
0.680873
-0.0989011
0.0956027
0.740812
0.0835049
0.095953
0.73761
0.0493695
0.0961764
0.735505
0.0164611
0.0961783
0.736003
-0.0160286
0.0959757
0.737754
-0.0472427
0.0956995
0.740418
-0.0743641
0.0950735
0.659542
-0.130959
0.095387
0.89955
-0.106063
0.0630487
0.57224
0.114232
0.0633726
0.566662
0.0804564
0.0637616
0.56257
0.0478806
0.063999
0.559905
0.0159377
0.0639961
0.559626
-0.015868
0.063762
0.562779
-0.0478224
0.0634218
0.570971
-0.080448
0.0631168
0.577377
-0.114806
0.064004
0.744452
-0.128997
0.0640095
0.846097
-0.129391
0.0639465
0.911502
0.114777
0.064015
0.912072
0.0811474
0.0641323
0.910554
0.0485466
0.0642142
0.90929
0.0161998
0.0642158
0.909002
-0.016093
0.0641391
0.907837
-0.0484064
0.0640326
0.904143
-0.0796679
0.0639807
0.742361
0.122206
0.0637721
0.65088
0.130069
0.0640266
0.834796
0.130127
0.0639584
0.940062
-0.128806
0.0640255
0.827225
0.0995175
0.0641651
0.823682
0.0657056
0.0643078
0.82125
0.0326776
0.0643656
0.820026
0.00011193
0.0643111
0.820243
-0.0324406
0.0641825
0.818276
-0.0636872
0.0640502
0.804026
-0.0976418
0.0641156
0.651054
0.0653885
0.0643741
0.64758
0.0325146
0.0644738
0.645999
0.000104664
0.064379
0.648293
-0.0321148
0.064142
0.65598
-0.0640082
0.0638278
0.653782
0.0996071
0.0639344
0.678312
-0.0993434
0.0641092
0.738849
0.0837848
0.0643331
0.735604
0.0495228
0.0644792
0.733471
0.0165101
0.0644806
0.733976
-0.016076
0.064348
0.735751
-0.04739
0.0641699
0.73845
-0.0746116
0.0638015
0.656669
-0.131667
0.0639729
0.898867
-0.106273
0.0315782
0.569731
0.114877
0.0317154
0.564117
0.0808919
0.0318993
0.559974
0.0481289
0.0320133
0.557277
0.0160185
0.0320115
0.556996
-0.0159481
0.0318998
0.560185
-0.0480704
0.031745
0.568453
-0.0808789
0.0316178
0.5749
-0.115444
0.0321396
0.743066
-0.129395
0.0321426
0.845306
-0.129664
0.032101
0.911064
0.11498
0.0321296
0.911641
0.0812874
0.0321872
0.910111
0.0486288
0.032228
0.908836
0.0162267
0.0322288
0.908547
-0.0161206
0.0321906
0.907379
-0.048489
0.0321385
0.903672
-0.0798067
0.0321215
0.740976
0.122581
0.0320082
0.648864
0.130632
0.0321526
0.833937
0.130411
0.0321128
0.939763
-0.129022
0.032138
0.82635
0.0997371
0.0322032
0.822781
0.0658481
0.0322737
0.820325
0.0327471
0.0323024
0.81909
0.000111203
0.0322753
0.819313
-0.032512
0.0322117
0.817343
-0.06383
0.0321494
0.803021
-0.0978731
0.0321443
0.649076
0.0656496
0.0322691
0.645561
0.032641
0.0323175
0.643962
0.000106259
0.0322716
0.646278
-0.0322366
0.0321587
0.654033
-0.0642561
0.0320113
0.651836
0.100022
0.0320744
0.67653
-0.0997222
0.03217
0.737454
0.0840353
0.032278
0.734174
0.0496667
0.0323498
0.732017
0.0165575
0.0323506
0.732524
-0.016122
0.0322854
0.734322
-0.0475282
0.0321987
0.73705
-0.0748349
0.0320263
0.654689
-0.13223
0.0321129
0.898366
-0.106465
-2.53701e-15
0.568865
0.115118
-5.54836e-15
0.563239
0.0810578
-5.54625e-16
0.559079
0.0482248
-1.51466e-15
0.55637
0.01605
1.32895e-15
0.556088
-0.0159793
5.91702e-16
0.55929
-0.0481662
3.52512e-15
0.567583
-0.081043
2.43436e-15
0.574044
-0.115682
1.4649e-15
0.742569
-0.129547
8.44952e-16
0.845019
-0.129771
1.43733e-15
0.910904
0.11506
1.45333e-15
0.911484
0.0813435
1.40216e-15
0.909949
0.0486621
9.20958e-16
0.90867
0.0162377
1.06807e-15
0.908381
-0.0161317
8.93813e-16
0.907213
-0.0485224
8.90727e-16
0.903501
-0.0798623
2.60386e-16
0.74048
0.122724
6.14288e-16
0.648153
0.130843
1.62639e-15
0.833626
0.130521
8.9185e-16
0.939655
-0.129108
5.4351e-16
0.826034
0.0998233
6.54682e-16
0.822455
0.0659048
1.08676e-15
0.81999
0.032775
8.96683e-16
0.818752
0.000110983
1.02158e-15
0.818976
-0.0325405
9.32107e-16
0.817005
-0.0638866
9.23642e-16
0.802658
-0.0979639
9.72162e-16
0.648379
0.0657509
-1.2766e-16
0.644849
0.0326906
8.91054e-16
0.643244
0.000106761
9.75381e-16
0.645567
-0.0322847
1.1485e-15
0.653347
-0.0643529
-2.11544e-15
0.651151
0.100181
2.17227e-15
0.675898
-0.0998676
1.71873e-15
0.736956
0.0841332
1.63857e-16
0.733661
0.0497235
1.42148e-15
0.731496
0.0165762
5.46362e-16
0.732004
-0.0161403
1.32148e-15
0.73381
-0.0475828
6.55993e-16
0.736549
-0.0749222
1.16584e-15
0.65399
-0.132441
1.02676e-15
0.898184
-0.106541
-0.0315782
0.569731
0.114877
-0.0317154
0.564117
0.0808919
-0.0318993
0.559974
0.0481289
-0.0320133
0.557277
0.0160185
-0.0320115
0.556996
-0.0159481
-0.0318998
0.560185
-0.0480704
-0.031745
0.568453
-0.0808789
-0.0316178
0.5749
-0.115444
-0.0321396
0.743066
-0.129395
-0.0321426
0.845306
-0.129664
-0.032101
0.911064
0.11498
-0.0321296
0.911641
0.0812874
-0.0321872
0.910111
0.0486288
-0.032228
0.908836
0.0162267
-0.0322288
0.908547
-0.0161206
-0.0321906
0.907379
-0.048489
-0.0321385
0.903672
-0.0798067
-0.0321215
0.740976
0.122581
-0.0320082
0.648864
0.130632
-0.0321526
0.833937
0.130411
-0.0321128
0.939763
-0.129022
-0.032138
0.82635
0.0997371
-0.0322032
0.822781
0.0658481
-0.0322737
0.820325
0.0327471
-0.0323024
0.81909
0.000111203
-0.0322753
0.819313
-0.032512
-0.0322117
0.817343
-0.06383
-0.0321494
0.803021
-0.0978731
-0.0321443
0.649076
0.0656496
-0.0322691
0.645561
0.032641
-0.0323175
0.643962
0.000106259
-0.0322716
0.646278
-0.0322366
-0.0321587
0.654033
-0.0642561
-0.0320113
0.651836
0.100022
-0.0320744
0.67653
-0.0997222
-0.03217
0.737454
0.0840353
-0.032278
0.734174
0.0496667
-0.0323498
0.732017
0.0165575
-0.0323506
0.732524
-0.016122
-0.0322854
0.734322
-0.0475282
-0.0321987
0.73705
-0.0748349
-0.0320263
0.654689
-0.13223
-0.0321129
0.898366
-0.106465
-0.0630487
0.57224
0.114232
-0.0633726
0.566662
0.0804564
-0.0637616
0.56257
0.0478806
-0.063999
0.559905
0.0159377
-0.0639961
0.559626
-0.015868
-0.063762
0.562779
-0.0478224
-0.0634218
0.570971
-0.080448
-0.0631168
0.577377
-0.114806
-0.064004
0.744452
-0.128997
-0.0640095
0.846097
-0.129391
-0.0639465
0.911502
0.114777
-0.064015
0.912072
0.0811474
-0.0641323
0.910554
0.0485466
-0.0642142
0.90929
0.0161998
-0.0642158
0.909002
-0.016093
-0.0641391
0.907837
-0.0484064
-0.0640326
0.904143
-0.0796679
-0.0639807
0.742361
0.122206
-0.0637721
0.65088
0.130069
-0.0640266
0.834796
0.130127
-0.0639584
0.940062
-0.128806
-0.0640255
0.827225
0.0995175
-0.0641651
0.823682
0.0657056
-0.0643078
0.82125
0.0326776
-0.0643656
0.820026
0.00011193
-0.0643111
0.820243
-0.0324406
-0.0641825
0.818276
-0.0636872
-0.0640502
0.804026
-0.0976418
-0.0641156
0.651054
0.0653885
-0.0643741
0.64758
0.0325146
-0.0644738
0.645999
0.000104664
-0.064379
0.648293
-0.0321148
-0.064142
0.65598
-0.0640082
-0.0638278
0.653782
0.0996071
-0.0639344
0.678312
-0.0993434
-0.0641092
0.738849
0.0837848
-0.0643331
0.735604
0.0495228
-0.0644792
0.733471
0.0165101
-0.0644806
0.733976
-0.016076
-0.064348
0.735751
-0.04739
-0.0641699
0.73845
-0.0746116
-0.0638015
0.656669
-0.131667
-0.0639729
0.898867
-0.106273
-0.094206
0.576038
0.113427
-0.0947858
0.570511
0.0799444
-0.0954089
0.566484
0.0476026
-0.0957812
0.563859
0.0158499
-0.0957779
0.563583
-0.0157816
-0.0954088
0.566692
-0.0475449
-0.0948414
0.57477
-0.0799413
-0.0942872
0.581114
-0.114014
-0.0953595
0.746402
-0.12852
-0.0953906
0.847186
-0.129077
-0.0953446
0.9121
0.114551
-0.0954684
0.912657
0.0810002
-0.095648
0.911155
0.0484642
-0.0957711
0.909902
0.0161739
-0.0957736
0.909616
-0.0160658
-0.0956582
0.908456
-0.0483235
-0.0954938
0.904783
-0.0795223
-0.0953511
0.74431
0.121761
-0.0950409
0.653812
0.129364
-0.095408
0.835981
0.129796
-0.095342
0.940468
-0.128564
-0.09546
0.82843
0.0992741
-0.0956854
0.82492
0.0655555
-0.0959029
0.822516
0.0326075
-0.09599
0.821304
0.00011332
-0.0959077
0.821515
-0.0323671
-0.0957112
0.819558
-0.0635353
-0.0954953
0.805417
-0.0973843
-0.0956998
0.653918
0.0650964
-0.0961035
0.650496
0.0323786
-0.0962577
0.648936
0.000102082
-0.0961106
0.6512
-0.0319865
-0.0957355
0.658793
-0.0637351
-0.0952273
0.656607
0.0991174
-0.095356
0.680873
-0.0989011
-0.0956027
0.740812
0.0835049
-0.095953
0.73761
0.0493695
-0.0961764
0.735505
0.0164611
-0.0961783
0.736003
-0.0160286
-0.0959757
0.737754
-0.0472427
-0.0956995
0.740418
-0.0743641
-0.0950735
0.659542
-0.130959
-0.095387
0.89955
-0.106063
-0.124751
0.580306
0.112889
-0.125637
0.574783
0.0796917
-0.12651
0.57077
0.0475144
-0.127016
0.568157
0.0158318
-0.127013
0.567887
-0.0157646
-0.12651
0.570977
-0.0474571
-0.125695
0.578969
-0.0796902
-0.124839
0.585297
-0.113486
-0.126082
0.748351
-0.128202
-0.126211
0.848233
-0.128885
-0.126235
0.912663
0.114434
-0.126426
0.913195
0.080951
-0.126669
0.911697
0.0484535
-0.126832
0.910447
0.016175
-0.126836
0.910162
-0.0160642
-0.126682
0.909015
-0.0483114
-0.126458
0.905371
-0.0794758
-0.126105
0.746259
0.121477
-0.125617
0.656922
0.128855
-0.126221
0.837123
0.12959
-0.126209
0.94085
-0.128426
-0.126353
0.829579
0.0991563
-0.126671
0.82608
0.0655133
-0.126963
0.823682
0.0326005
-0.127078
0.822474
0.00011542
-0.126969
0.822687
-0.0323559
-0.126703
0.820759
-0.0634891
-0.126385
0.806754
-0.0972614
-0.126679
0.656872
0.0649861
-0.127232
0.653461
0.0323489
-0.127439
0.65191
9.93566e-05
-0.12724
0.654156
-0.0319652
-0.126725
0.661684
-0.0636447
-0.125996
0.659565
0.0988416
-0.126151
0.68351
-0.0986578
-0.12651
0.742749
0.0833829
-0.126993
0.739553
0.0493321
-0.127292
0.737452
0.0164555
-0.127293
0.737944
-0.0160226
-0.127022
0.73969
-0.047208
-0.126645
0.742346
-0.0742649
-0.12565
0.662573
-0.130436
-0.126289
0.900191
-0.10596
